Build started 2011-02-27 17:52:50.
     1>Project "C:\Users\root\Desktop\cattlebase\cowserver\gsoap-2.8\gsoap\samples\calc_vs2005\calc_vs2005\calc_vs2005.vcxproj" on node 2 (build target(s)).
     1>PrepareForBuild:
         Creating directory "C:\Users\root\Desktop\cattlebase\cowserver\gsoap-2.8\gsoap\samples\calc_vs2005\Debug\".
       InitializeBuildStatus:
         Creating "Debug\calc_vs2005.unsuccessfulbuild" because "AlwaysCreate" was specified.
       CustomBuild:
         
         **  The gSOAP code generator for C and C++, soapcpp2 release 2.8.0
         **  Copyright (C) 2000-2010, Robert van Engelen, Genivia Inc.
         **  All Rights Reserved. This product is provided "as is", without any warranty.
         **  The soapcpp2 tool is released under one of the following two licenses:
         **  GPL or the commercial license by Genivia Inc.
         
         Saving soapStub.h annotated copy of the input declarations
         Saving soapH.h interface declarations
         Saving soapC.cpp XML serializers
         Using ns service name: calc
         Using ns service style: rpc
         Using ns service encoding: encoded
         Using ns service location: http://websrv.cs.fsu.edu/~engelen/calcserver.cgi
         Using ns schema namespace: urn:calc
         Saving soapcalcProxy.h client proxy class
         Saving soapcalcProxy.cpp client proxy class
         Saving calc.nsmap namespace mapping table
         
         Compilation successful 
         
         Running gSOAP soapcpp2 compiler
       ClCompile:
         C:\Program Files\Microsoft Visual Studio 10.0\VC\bin\CL.exe /c /ZI /nologo /W3 /WX- /Od /Oy- /D WIN32 /D _DEBUG /D _CONSOLE /D _UNICODE /D UNICODE /Gm /EHsc /RTC1 /MDd /GS /fp:precise /Zc:wchar_t /Zc:forScope /Fo"Debug\\" /Fd"Debug\vc100.pdb" /Gd /TP /analyze- /errorReport:prompt calcclient.cpp soapC.cpp soapcalcProxy.cpp stdsoap2.cpp
         stdsoap2.cpp
     1>c:\users\root\desktop\cattlebase\cowserver\gsoap-2.8\gsoap\samples\calc_vs2005\calc_vs2005\stdsoap2.cpp(877): warning C4244: 'return' : conversion from 'std::streamsize' to 'size_t', possible loss of data
         soapcalcProxy.cpp
         soapC.cpp
         calcclient.cpp
         Generating Code...
       ManifestResourceCompile:
         C:\Program Files\Microsoft SDKs\Windows\v7.0A\bin\rc.exe /nologo /fo"Debug\calc_vs2005.exe.embed.manifest.res" Debug\calc_vs2005_manifest.rc 
       Link:
         C:\Program Files\Microsoft Visual Studio 10.0\VC\bin\link.exe /ERRORREPORT:PROMPT /OUT:"C:\Users\root\Desktop\cattlebase\cowserver\gsoap-2.8\gsoap\samples\calc_vs2005\Debug\calc_vs2005.exe" /INCREMENTAL /NOLOGO kernel32.lib /MANIFEST /ManifestFile:"Debug\calc_vs2005.exe.intermediate.manifest" /MANIFESTUAC:"level='asInvoker' uiAccess='false'" /DEBUG /PDB:"C:\Users\root\Desktop\cattlebase\cowserver\gsoap-2.8\gsoap\samples\calc_vs2005\Debug\calc_vs2005.pdb" /SUBSYSTEM:CONSOLE /TLBID:1 /DYNAMICBASE /NXCOMPAT /IMPLIB:"C:\Users\root\Desktop\cattlebase\cowserver\gsoap-2.8\gsoap\samples\calc_vs2005\Debug\calc_vs2005.lib" /MACHINE:X86 Debug\calc_vs2005.exe.embed.manifest.res
         Debug\calcclient.obj
         Debug\soapC.obj
         Debug\soapcalcProxy.obj
         Debug\stdsoap2.obj
       Manifest:
         C:\Program Files\Microsoft SDKs\Windows\v7.0A\bin\mt.exe /nologo /verbose /out:"Debug\calc_vs2005.exe.embed.manifest" /manifest Debug\calc_vs2005.exe.intermediate.manifest
         C:\Program Files\Microsoft SDKs\Windows\v7.0A\bin\rc.exe /nologo /fo"Debug\calc_vs2005.exe.embed.manifest.res" Debug\calc_vs2005_manifest.rc 
       LinkEmbedManifest:
         C:\Program Files\Microsoft Visual Studio 10.0\VC\bin\link.exe /ERRORREPORT:PROMPT /OUT:"C:\Users\root\Desktop\cattlebase\cowserver\gsoap-2.8\gsoap\samples\calc_vs2005\Debug\calc_vs2005.exe" /INCREMENTAL /NOLOGO kernel32.lib /MANIFEST /ManifestFile:"Debug\calc_vs2005.exe.intermediate.manifest" /MANIFESTUAC:"level='asInvoker' uiAccess='false'" /DEBUG /PDB:"C:\Users\root\Desktop\cattlebase\cowserver\gsoap-2.8\gsoap\samples\calc_vs2005\Debug\calc_vs2005.pdb" /SUBSYSTEM:CONSOLE /TLBID:1 /DYNAMICBASE /NXCOMPAT /IMPLIB:"C:\Users\root\Desktop\cattlebase\cowserver\gsoap-2.8\gsoap\samples\calc_vs2005\Debug\calc_vs2005.lib" /MACHINE:X86 Debug\calc_vs2005.exe.embed.manifest.res
         Debug\calcclient.obj
         Debug\soapC.obj
         Debug\soapcalcProxy.obj
         Debug\stdsoap2.obj
         calc_vs2005.vcxproj -> C:\Users\root\Desktop\cattlebase\cowserver\gsoap-2.8\gsoap\samples\calc_vs2005\Debug\calc_vs2005.exe
       FinalizeBuildStatus:
         Deleting file "Debug\calc_vs2005.unsuccessfulbuild".
         Touching "Debug\calc_vs2005.lastbuildstate".
     1>Done Building Project "C:\Users\root\Desktop\cattlebase\cowserver\gsoap-2.8\gsoap\samples\calc_vs2005\calc_vs2005\calc_vs2005.vcxproj" (build target(s)).

Build succeeded.

Time Elapsed 00:00:07.11
